09:21:30:462 [ALWAYS]	GUDE Logging Started
09:21:30:462 [INFO]	SqliteResumeCache::SqliteResumeCache basedirectory is null/empty
09:21:30:462 [ERROR]	SqliteResumeCache::CreateSqliteResumeCache creating resume cache pointer failure
09:21:30:462 [ERROR]	Initialize resume cache pointer failure
09:21:30:462 [INFO]	gude policy POLICY_USER limit (2,2,1) chunk 2097152, chunking (UL 0 DL 1), resXfer 1, adapt 0, NSURL 0, timeout 86400 
09:21:30:463 [INFO]	Initialized -- gude-lib version: v0.12.1 app: gude
09:21:32:805 [WARN]	Ignoring attempt to reinit logging to \gude at level 4 retaining 3 days of logs
09:21:32:805 [INFO]	SqliteResumeCache::SqliteResumeCache basedirectory is null/empty
09:21:32:806 [ERROR]	SqliteResumeCache::CreateSqliteResumeCache creating resume cache pointer failure
09:21:32:806 [ERROR]	Initialize resume cache pointer failure
09:21:32:806 [INFO]	gude policy POLICY_USER limit (4,4,1) chunk 2097152, chunking (UL 0 DL 1), resXfer 1, adapt 0, NSURL 1, timeout 86400 
09:21:32:806 [INFO]	Initialized -- gude-lib version: v0.12.1 app: gude
09:23:25:238 [ALWAYS]	GUDE Logging Started
09:23:25:238 [INFO]	SqliteResumeCache::SqliteResumeCache basedirectory is null/empty
09:23:25:238 [ERROR]	SqliteResumeCache::CreateSqliteResumeCache creating resume cache pointer failure
09:23:25:238 [ERROR]	Initialize resume cache pointer failure
09:23:25:239 [INFO]	gude policy POLICY_USER limit (2,2,1) chunk 2097152, chunking (UL 0 DL 1), resXfer 1, adapt 0, NSURL 0, timeout 86400 
09:23:25:239 [INFO]	Initialized -- gude-lib version: v0.12.1 app: gude
09:23:27:004 [WARN]	Ignoring attempt to reinit logging to \gude at level 4 retaining 3 days of logs
09:23:27:004 [INFO]	SqliteResumeCache::SqliteResumeCache basedirectory is null/empty
09:23:27:004 [ERROR]	SqliteResumeCache::CreateSqliteResumeCache creating resume cache pointer failure
09:23:27:004 [ERROR]	Initialize resume cache pointer failure
09:23:27:004 [INFO]	gude policy POLICY_USER limit (4,4,1) chunk 2097152, chunking (UL 0 DL 1), resXfer 1, adapt 0, NSURL 1, timeout 86400 
09:23:27:004 [INFO]	Initialized -- gude-lib version: v0.12.1 app: gude
